0 info it worked if it ends with ok
1 verbose cli [ 'A:\\Program Files (x86)\\Microsoft Visual Studio\\2017\\Enterprise\\Web\\External\\Node.exe',
1 verbose cli   'A:\\Program Files (x86)\\Microsoft Visual Studio\\2017\\Enterprise\\Web\\External\\node_modules\\npm\\bin\\npm-cli.js',
1 verbose cli   'install' ]
2 info using npm@3.3.4
3 info using node@v5.4.1
4 silly loadCurrentTree Starting
5 silly install loadCurrentTree
6 silly install readLocalPackageData
7 silly install normalizeTree
8 silly loadCurrentTree Finishing
9 silly loadIdealTree Starting
10 silly install loadIdealTree
11 silly cloneCurrentTree Starting
12 silly install cloneCurrentTreeToIdealTree
13 silly cloneCurrentTree Finishing
14 silly loadShrinkwrap Starting
15 silly install loadShrinkwrap
16 silly loadShrinkwrap Finishing
17 silly loadAllDepsIntoIdealTree Starting
18 silly install loadAllDepsIntoIdealTree
19 silly fetchNamedPackageData com.unity.render-pipelines.core
20 silly mapToRegistry name com.unity.render-pipelines.core
21 silly mapToRegistry using default registry
22 silly mapToRegistry registry https://registry.npmjs.org/
23 silly mapToRegistry uri https://registry.npmjs.org/com.unity.render-pipelines.core
24 silly fetchNamedPackageData com.unity.shadergraph
25 silly mapToRegistry name com.unity.shadergraph
26 silly mapToRegistry using default registry
27 silly mapToRegistry registry https://registry.npmjs.org/
28 silly mapToRegistry uri https://registry.npmjs.org/com.unity.shadergraph
29 verbose request uri https://registry.npmjs.org/com.unity.render-pipelines.core
30 verbose request no auth needed
31 info attempt registry request try #1 at 3:30:47 PM
32 verbose request id bb72d7cb73c9e844
33 http request GET https://registry.npmjs.org/com.unity.render-pipelines.core
34 verbose request uri https://registry.npmjs.org/com.unity.shadergraph
35 verbose request no auth needed
36 info attempt registry request try #1 at 3:30:47 PM
37 http request GET https://registry.npmjs.org/com.unity.shadergraph
38 http 404 https://registry.npmjs.org/com.unity.shadergraph
39 verbose headers { date: 'Fri, 07 Feb 2020 23:30:57 GMT',
39 verbose headers   'content-type': 'application/json',
39 verbose headers   'content-length': '21',
39 verbose headers   connection: 'keep-alive',
39 verbose headers   'set-cookie': [ '__cfduid=d434ec070df8587d6c26cf610215c9faa1581118257; expires=Sun, 08-Mar-20 23:30:57 GMT; path=/; domain=.npmjs.org; HttpOnly; SameSite=Lax' ],
39 verbose headers   'cf-ray': '56192792cb8ae4b8-LAX',
39 verbose headers   vary: 'Accept-Encoding',
39 verbose headers   'cf-cache-status': 'EXPIRED',
39 verbose headers   'expect-ct': 'max-age=604800, report-uri="https://report-uri.cloudflare.com/cdn-cgi/beacon/expect-ct"',
39 verbose headers   server: 'cloudflare' }
40 silly get cb [ 404,
40 silly get   { date: 'Fri, 07 Feb 2020 23:30:57 GMT',
40 silly get     'content-type': 'application/json',
40 silly get     'content-length': '21',
40 silly get     connection: 'keep-alive',
40 silly get     'set-cookie': [ '__cfduid=d434ec070df8587d6c26cf610215c9faa1581118257; expires=Sun, 08-Mar-20 23:30:57 GMT; path=/; domain=.npmjs.org; HttpOnly; SameSite=Lax' ],
40 silly get     'cf-ray': '56192792cb8ae4b8-LAX',
40 silly get     vary: 'Accept-Encoding',
40 silly get     'cf-cache-status': 'EXPIRED',
40 silly get     'expect-ct': 'max-age=604800, report-uri="https://report-uri.cloudflare.com/cdn-cgi/beacon/expect-ct"',
40 silly get     server: 'cloudflare' } ]
41 silly fetchPackageMetaData Error: Not found : com.unity.shadergraph
41 silly fetchPackageMetaData     at makeError (A:\Program Files (x86)\Microsoft Visual Studio\2017\Enterprise\Web\External\node_modules\npm-registry-client\lib\request.js:264:12)
41 silly fetchPackageMetaData     at CachingRegistryClient.<anonymous> (A:\Program Files (x86)\Microsoft Visual Studio\2017\Enterprise\Web\External\node_modules\npm-registry-client\lib\request.js:252:14)
41 silly fetchPackageMetaData     at Request._callback (A:\Program Files (x86)\Microsoft Visual Studio\2017\Enterprise\Web\External\node_modules\npm-registry-client\lib\request.js:172:14)
41 silly fetchPackageMetaData     at Request.self.callback (A:\Program Files (x86)\Microsoft Visual Studio\2017\Enterprise\Web\External\node_modules\request\request.js:344:22)
41 silly fetchPackageMetaData     at emitTwo (events.js:87:13)
41 silly fetchPackageMetaData     at Request.emit (events.js:172:7)
41 silly fetchPackageMetaData     at Request.<anonymous> (A:\Program Files (x86)\Microsoft Visual Studio\2017\Enterprise\Web\External\node_modules\request\request.js:1239:14)
41 silly fetchPackageMetaData     at emitOne (events.js:82:20)
41 silly fetchPackageMetaData     at Request.emit (events.js:169:7)
41 silly fetchPackageMetaData     at IncomingMessage.<anonymous> (A:\Program Files (x86)\Microsoft Visual Studio\2017\Enterprise\Web\External\node_modules\request\request.js:1187:12)
41 silly fetchPackageMetaData  error for com.unity.shadergraph@7.1.8 { [Error: Not found : com.unity.shadergraph] pkgid: 'com.unity.shadergraph', statusCode: 404, code: 'E404' }
42 http 404 https://registry.npmjs.org/com.unity.render-pipelines.core
43 verbose headers { date: 'Fri, 07 Feb 2020 23:30:57 GMT',
43 verbose headers   'content-type': 'application/json',
43 verbose headers   'content-length': '21',
43 verbose headers   connection: 'keep-alive',
43 verbose headers   'set-cookie': [ '__cfduid=dccec2ec8595c66ee1f5d008ab328ed801581118257; expires=Sun, 08-Mar-20 23:30:57 GMT; path=/; domain=.npmjs.org; HttpOnly; SameSite=Lax' ],
43 verbose headers   'cf-ray': '56192792b9619959-LAX',
43 verbose headers   vary: 'Accept-Encoding',
43 verbose headers   'cf-cache-status': 'EXPIRED',
43 verbose headers   'expect-ct': 'max-age=604800, report-uri="https://report-uri.cloudflare.com/cdn-cgi/beacon/expect-ct"',
43 verbose headers   server: 'cloudflare' }
44 silly get cb [ 404,
44 silly get   { date: 'Fri, 07 Feb 2020 23:30:57 GMT',
44 silly get     'content-type': 'application/json',
44 silly get     'content-length': '21',
44 silly get     connection: 'keep-alive',
44 silly get     'set-cookie': [ '__cfduid=dccec2ec8595c66ee1f5d008ab328ed801581118257; expires=Sun, 08-Mar-20 23:30:57 GMT; path=/; domain=.npmjs.org; HttpOnly; SameSite=Lax' ],
44 silly get     'cf-ray': '56192792b9619959-LAX',
44 silly get     vary: 'Accept-Encoding',
44 silly get     'cf-cache-status': 'EXPIRED',
44 silly get     'expect-ct': 'max-age=604800, report-uri="https://report-uri.cloudflare.com/cdn-cgi/beacon/expect-ct"',
44 silly get     server: 'cloudflare' } ]
45 silly fetchPackageMetaData Error: Not found : com.unity.render-pipelines.core
45 silly fetchPackageMetaData     at makeError (A:\Program Files (x86)\Microsoft Visual Studio\2017\Enterprise\Web\External\node_modules\npm-registry-client\lib\request.js:264:12)
45 silly fetchPackageMetaData     at CachingRegistryClient.<anonymous> (A:\Program Files (x86)\Microsoft Visual Studio\2017\Enterprise\Web\External\node_modules\npm-registry-client\lib\request.js:252:14)
45 silly fetchPackageMetaData     at Request._callback (A:\Program Files (x86)\Microsoft Visual Studio\2017\Enterprise\Web\External\node_modules\npm-registry-client\lib\request.js:172:14)
45 silly fetchPackageMetaData     at Request.self.callback (A:\Program Files (x86)\Microsoft Visual Studio\2017\Enterprise\Web\External\node_modules\request\request.js:344:22)
45 silly fetchPackageMetaData     at emitTwo (events.js:87:13)
45 silly fetchPackageMetaData     at Request.emit (events.js:172:7)
45 silly fetchPackageMetaData     at Request.<anonymous> (A:\Program Files (x86)\Microsoft Visual Studio\2017\Enterprise\Web\External\node_modules\request\request.js:1239:14)
45 silly fetchPackageMetaData     at emitOne (events.js:82:20)
45 silly fetchPackageMetaData     at Request.emit (events.js:169:7)
45 silly fetchPackageMetaData     at IncomingMessage.<anonymous> (A:\Program Files (x86)\Microsoft Visual Studio\2017\Enterprise\Web\External\node_modules\request\request.js:1187:12)
45 silly fetchPackageMetaData  error for com.unity.render-pipelines.core@7.1.8 { [Error: Not found : com.unity.render-pipelines.core]
45 silly fetchPackageMetaData   pkgid: 'com.unity.render-pipelines.core',
45 silly fetchPackageMetaData   statusCode: 404,
45 silly fetchPackageMetaData   code: 'E404' }
46 silly rollbackFailedOptional Starting
47 silly rollbackFailedOptional Finishing
48 silly runTopLevelLifecycles Starting
49 silly runTopLevelLifecycles Finishing
50 silly install printInstalled
51 verbose stack Error: Not found : com.unity.shadergraph
51 verbose stack     at makeError (A:\Program Files (x86)\Microsoft Visual Studio\2017\Enterprise\Web\External\node_modules\npm-registry-client\lib\request.js:264:12)
51 verbose stack     at CachingRegistryClient.<anonymous> (A:\Program Files (x86)\Microsoft Visual Studio\2017\Enterprise\Web\External\node_modules\npm-registry-client\lib\request.js:252:14)
51 verbose stack     at Request._callback (A:\Program Files (x86)\Microsoft Visual Studio\2017\Enterprise\Web\External\node_modules\npm-registry-client\lib\request.js:172:14)
51 verbose stack     at Request.self.callback (A:\Program Files (x86)\Microsoft Visual Studio\2017\Enterprise\Web\External\node_modules\request\request.js:344:22)
51 verbose stack     at emitTwo (events.js:87:13)
51 verbose stack     at Request.emit (events.js:172:7)
51 verbose stack     at Request.<anonymous> (A:\Program Files (x86)\Microsoft Visual Studio\2017\Enterprise\Web\External\node_modules\request\request.js:1239:14)
51 verbose stack     at emitOne (events.js:82:20)
51 verbose stack     at Request.emit (events.js:169:7)
51 verbose stack     at IncomingMessage.<anonymous> (A:\Program Files (x86)\Microsoft Visual Studio\2017\Enterprise\Web\External\node_modules\request\request.js:1187:12)
52 verbose statusCode 404
53 verbose pkgid com.unity.shadergraph
54 verbose cwd M:\Packages\TestPackage\Packages\com.unity.render-pipelines.universal
55 error Windows_NT 10.0.17763
56 error argv "A:\\Program Files (x86)\\Microsoft Visual Studio\\2017\\Enterprise\\Web\\External\\Node.exe" "A:\\Program Files (x86)\\Microsoft Visual Studio\\2017\\Enterprise\\Web\\External\\node_modules\\npm\\bin\\npm-cli.js" "install"
57 error node v5.4.1
58 error npm  v3.3.4
59 error code E404
60 error 404 Not found : com.unity.shadergraph
60 error 404
60 error 404 'com.unity.shadergraph' is not in the npm registry.
60 error 404 You should bug the author to publish it (or use the name yourself!)
60 error 404 It was specified as a dependency of 'com.unity.render-pipelines.universal'
60 error 404
60 error 404 Note that you can also install from a
60 error 404 tarball, folder, http url, or git url.
61 verbose exit [ 1, true ]
